This file contains any messages produced by compilers while
running configure, to aid debugging if configure makes a mistake.

It was created by configure, which was
generated by GNU Autoconf 2.69.  Invocation command line was

  $ ./configure --prefix=/home/jamiespa/H_DRIVE/RESEARCH/SUPERVISION_AND_PROJECTS/PROGRAMS_PROJECTS_DEVELOPMENT/GA_LAPAGOS_/GA_lapagos/GA_lapagos/LIBS/libxml2-2.9.9/LOCAL

| /* confdefs.h */
| #define PACKAGE_NAME ""
| #define PACKAGE_TARNAME ""
| #define PACKAGE_VERSION ""
| #define PACKAGE_STRING ""
| #define PACKAGE_BUGREPORT ""
| #define PACKAGE_URL ""
| #define PACKAGE "libxml2"
| #define VERSION "2.9.9"
| /* end confdefs.h.  */
| #include <ac_nonexistent.h>
configure:4501: checking for mv
configure:4519: found /bin/mv
configure:4532: result: /bin/mv
configure:4542: checking for tar
configure:4560: found /bin/tar
configure:4573: result: /bin/tar
configure:4583: checking for perl
configure:4601: found /usr/bin/perl
configure:4614: result: /usr/bin/perl
configure:4624: checking for wget
configure:4642: found /usr/bin/wget
configure:4655: result: /usr/bin/wget
configure:4665: checking for xmllint
configure:4696: result: /usr/bin/xmllint
configure:4706: checking for xsltproc
configure:4737: result: /usr/bin/xsltproc
configure:4799: checking for pkg-config
configure:4817: found /usr/bin/pkg-config
configure:4829: result: /usr/bin/pkg-config
configure:4854: checking pkg-config is at least version 0.9.0
configure:4857: result: yes
configure:4912: checking how to print strings
configure:4939: result: printf
configure:4960: checking for a sed that does not truncate output
configure:5024: result: /bin/sed
configure:5042: checking for grep that handles long lines and -e
configure:5100: result: /bin/grep
configure:5105: checking for egrep
configure:5167: result: /bin/grep -E
configure:5172: checking for fgrep
configure:5234: result: /bin/grep -F
configure:5269: checking for ld used by gcc
configure:5336: result: /usr/bin/ld
configure:5343: checking if the linker (/usr/bin/ld) is GNU ld
configure:5358: result: yes
configure:5370: checking for BSD- or MS-compatible name lister (nm)
configure:5424: result: /usr/bin/nm -B
configure:5554: checking the name lister (/usr/bin/nm -B) interface
configure:5561: gcc -c -g -O2  conftest.c >&5
n the C preprocessor
configure:4398: gcc -E  conftest.c
configure:4398: $? = 0
configure:4412: gcc -E  conftest.c
0000000000000000 B some_variable
configure:5574: result: BSD nm
configure:5578: checking the maximum length of command line arguments
configure:5709: result: 1572864
configure:5757: checking how to convert x86_64-pc-linux-gnu file names to x86_64-pc-linux-gnu format
configure:5797: result: func_convert_file_noop
configure:5804: checking how to convert x86_64-pc-linux-gnu file names to toolchain format
configure:5824: result: func_convert_file_noop
configure:5831: checking for /usr/bin/ld option to reload object files
configure:5838: result: -r
configure:5912: checking for objdump
configure:5928: found /usr/bin/objdump
configure:5939: result: objdump
configure:5971: checking how to recognize dependent libraries
configure:6171: result: pass_all
configure:6256: checking for dlltool
configure:6286: result: no
configure:6316: checking how to associate runtime and link libraries
configure:6343: result: printf %s\n
configure:6404: checking for ar
configure:6420: found /usr/bin/ar
configure:6431: result: ar
configure:6468: checking for archiver @FILE support
configure:6485: gcc -c -g -O2  conftest.c >&5
configure:6485: $? = 0
configure:6488: ar cru libconftest.a @conftest.lst >&5
ar: `u' modifier ignored since `D' is the default (see `U')
configure:6491: $? = 0
configure:6496: ar cru libconftest.a @conftest.lst >&5
ar: `u' modifier ignored since `D' is the default (see `U')
ar: conftest.o: No such file or directory
configure:6499: $? = 1
configure:6511: result: @
configure:6569: checking for strip
configure:6585: found /usr/bin/strip
configure:6596: result: strip
configure:6668: checking for ranlib
configure:6684: found /usr/bin/ranlib
configure:6695: result: ranlib
configure:6797: checking command to parse /usr/bin/nm -B output from gcc object
configure:6950: gcc -c -g -O2  conftest.c >&5
configure:6953: $? = 0
configure:6957: /usr/bin/nm -B conftest.o \| sed -n -e 's/^.*[ ]\([ABCDGIRSTW][ABCDGIRSTW]*\)[ ][ ]*\([_A-Za-z][_A-Za-z0-9]*\)$/\1 \2 \2/p' | sed '/ __gnu_lto/d' \> conftest.nm
configure:6960: $? = 0
configure:7026: gcc -o conftest -g -O2   conftest.c conftstm.o >&5
configure:7029: $? = 0
configure:7067: result: ok
configure:7114: checking for sysroot
configure:7144: result: no
configure:7151: checking for a working dd
configure:7189: result: /bin/dd
configure:7193: checking how to truncate binary pipes
configure:7208: result: /bin/dd bs=4096 count=1
configure:7344: gcc -c -g -O2  conftest.c >&5
configure:7347: $? = 0
configure:7537: checking for mt
configure:7553: found /bin/mt
configure:7564: result: mt
configure:7587: checking if mt is a manifest tool
configure:7593: mt '-?'
configure:9480: $? = 0
configure:9502: result: yes
configure:9510: checking if gcc supports -c -o file.o
configure:9557: result: yes
configure:9590: checking whether the gcc linker (/usr/bin/ld -m elf_x86_64) supports shared libraries
configure:10849: result: yes
configure:10886: checking whether -lc should be explicitly linked in
configure:10894: gcc -c -g -O2  conftest.c >&5
configure:10897: $? = 0
configure:10912: gcc -shared  -fPIC -DPIC conftest.o  -v -Wl,-soname -Wl,conftest -o conftest 2\>\&1 \| /bin/grep  -lc  \>/dev/null 2\>\&1
configure:10915: $? = 0
configure:10929: result: no
configure:11089: checking dynamic linker characteristics
configure:11670: gcc -o conftest -g -O2   -Wl,-rpath -Wl,/foo conftest.c  >&5
configure:11670: $? = 0
configure:11910: result: GNU/Linux ld.so
configure:12032: checking how to hardcode library paths into programs
configure:12057: result: immediate
configure:12605: checking whether stripping libraries is possible
configure:12610: result: yes
configure:12645: checking if libtool supports shared libraries
configure:12647: result: yes
configure:12650: checking whether to build shared libraries
configure:12675: result: yes
configure:12678: checking whether to build static libraries
configure:12682: result: yes
configure:13204: checking for Z
configure:13211: $PKG_CONFIG --exists --print-errors "zlib"
configure:13214: $? = 0
configure:13228: $PKG_CONFIG --exists --print-errors "zlib"
configure:13231: $? = 0
configure:13269: result: yes
configure:13359: checking for LZMA
configure:13366: $PKG_CONFIG --exists --print-errors "liblzma"
configure:13369: $? = 0
configure:13383: $PKG_CONFIG --exists --print-errors "liblzma"
configure:13386: $? = 0
configure:13424: result: yes
configure:13508: checking for dirent.h that defines DIR
configure:13527: gcc -c -g -O2  conftest.c >&5
configure:13527: $? = 0
configure:13535: result: yes
configure:13548: checking for library containing opendir
configure:13579: gcc -o conftest -g -O2   conftest.c  >&5
configure:13579: $? = 0
configure:13596: result: none required
configure:13663: checking for ANSI C header files
configure:13767: result: yes
configure:13777: checking fcntl.h usability
configure:13777: gcc -c -g -O2  conftest.c >&5
configure:13777: $? = 0
configure:13777: result: yes
configure:13777: checking fcntl.h presence
configure:13777: gcc -E  conftest.c
configure:13777: $? = 0
configure:13777: result: yes
configure:13777: checking for fcntl.h
configure:13777: result: yes
configure:13789: checking for unistd.h
configure:13789: result: yes
configure:13801: checking ctype.h usability
configure:13801: gcc -c -g -O2  conftest.c >&5
configure:13801: $? = 0
configure:13801: result: yes
configure:13801: checking ctype.h presence
configure:13801: gcc -E  conftest.c
configure:13801: $? = 0
configure:13801: result: yes
configure:13801: checking for ctype.h
configure:13801: result: yes
configure:13813: checking dirent.h usability
configure:13813: gcc -c -g -O2  conftest.c >&5
configure:13813: $? = 0
configure:13813: result: yes
configure:13813: checking dirent.h presence
configure:13813: gcc -E  conftest.c
configure:13813: $? = 0
configure:13813: result: yes
configure:13813: checking for dirent.h
configure:13813: result: yes
configure:13825: checking errno.h usability
configure:13825: gcc -c -g -O2  conftest.c >&5
configure:13825: $? = 0
configure:13825: result: yes
configure:13825: checking errno.h presence
configure:13825: gcc -E  conftest.c
configure:13825: $? = 0
configure:13825: result: yes
configure:13825: checking for errno.h
configure:13825: result: yes
configure:13837: checking malloc.h usability
configure:13837: gcc -c -g -O2  conftest.c >&5
configure:13837: $? = 0
configure:13837: result: yes
configure:13837: checking malloc.h presence
configure:13837: gcc -E  conftest.c
configure:13837: $? = 0
configure:13837: result: yes
configure:13837: checking for malloc.h
configure:13837: result: yes
configure:13849: checking stdarg.h usability
configure:13849: gcc -c -g -O2  conftest.c >&5
configure:13849: $? = 0
configure:13849: result: yes
configure:13849: checking stdarg.h presence
configure:13849: gcc -E  conftest.c
configure:13849: $? = 0
configure:13849: result: yes
configure:13849: checking for stdarg.h
configure:13849: result: yes
configure:13861: checking for sys/stat.h
configure:13861: result: yes
configure:13873: checking for sys/types.h
configure:13873: result: yes
configure:13885: checking for stdint.h
configure:13885: result: yes
configure:13897: checking for inttypes.h
configure:13897: result: yes
configure:13909: checking time.h usability
configure:13909: gcc -c -g -O2  conftest.c >&5
configure:13909: $? = 0
configure:13909: result: yes
configure:13909: checking time.h presence
configure:13909: gcc -E  conftest.c
configure:13909: $? = 0
configure:13909: result: yes
configure:13909: checking for time.h
configure:13909: result: yes
configure:13921: checking math.h usability
configure:13921: gcc -c -g -O2  conftest.c >&5
configure:13921: $? = 0
configure:13921: result: yes
configure:13921: checking math.h presence
configure:13921: gcc -E  conftest.c
configure:13921: $? = 0
configure:13921: result: yes
configure:13921: checking for math.h
configure:13921: result: yes
configure:13933: checking limits.h usability
configure:13933: gcc -c -g -O2  conftest.c >&5
configure:13933: $? = 0
configure:13933: result: yes
configure:13933: checking limits.h presence
configure:13933: gcc -E  conftest.c
configure:13933: $? = 0
configure:13933: result: yes
configure:13933: checking for limits.h
configure:13933: result: yes
configure:13945: checking float.h usability
configure:13945: gcc -c -g -O2  conftest.c >&5
configure:13945: $? = 0
configure:13945: result: yes
configure:13945: checking float.h presence
configure:13945: gcc -E  conftest.c
configure:13945: $? = 0
configure:13945: result: yes
configure:13945: checking for float.h
configure:13945: result: yes
configure:13957: checking for stdlib.h
configure:13957: result: yes
configure:13969: checking for sys/socket.h
configure:13969: gcc -c -g -O2  conftest.c >&5
configure:13969: $? = 0
configure:13969: result: yes
configure:13985: checking for netinet/in.h
configure:13985: gcc -c -g -O2  conftest.c >&5
configure:13985: $? = 0
configure:13985: result: yes
configure:14001: checking for arpa/inet.h
configure:14001: gcc -c -g -O2  conftest.c >&5
configure:14001: $? = 0
configure:14001: result: yes
configure:14020: checking netdb.h usability
configure:14020: gcc -c -g -O2  conftest.c >&5
configure:14020: $? = 0
configure:14020: result: yes
configure:14020: checking netdb.h presence
configure:14020: gcc -E  conftest.c
configure:14020: $? = 0
configure:14020: result: yes
configure:14020: checking for netdb.h
configure:14020: result: yes
configure:14032: checking sys/time.h usability
configure:14032: gcc -c -g -O2  conftest.c >&5
configure:14032: $? = 0
configure:14032: result: yes
configure:14032: checking sys/time.h presence
configure:14032: gcc -E  conftest.c
configure:14032: $? = 0
configure:14032: result: yes
configure:14032: checking for sys/time.h
configure:14032: result: yes
configure:14044: checking sys/select.h usability
configure:14044: gcc -c -g -O2  conftest.c >&5
configure:14044: $? = 0
configure:14044: result: yes
configure:14044: checking sys/select.h presence
configure:14044: gcc -E  conftest.c
configure:14044: $? = 0
configure:14044: result: yes
configure:14044: checking for sys/select.h
configure:14044: result: yes
configure:14056: checking poll.h usability
configure:14056: gcc -c -g -O2  conftest.c >&5
configure:14056: $? = 0
configure:14056: result: yes
configure:14056: checking poll.h presence
configure:14056: gcc -E  conftest.c
configure:14056: $? = 0
configure:14056: result: yes
configure:14056: checking for poll.h
configure:14056: result: yes
configure:14068: checking sys/mman.h usability
configure:14068: gcc -c -g -O2  conftest.c >&5
configure:14068: $? = 0
configure:14068: result: yes
configure:14068: checking sys/mman.h presence
configure:14068: gcc -E  conftest.c
configure:14068: $? = 0
configure:14068: result: yes
configure:14068: checking for sys/mman.h
configure:14068: result: yes
configure:14080: checking sys/timeb.h usability
configure:14080: gcc -c -g -O2  conftest.c >&5
configure:14080: $? = 0
configure:14080: result: yes
configure:14080: checking sys/timeb.h presence
configure:14080: gcc -E  conftest.c
configure:14080: $? = 0
configure:14080: result: yes
configure:14080: checking for sys/timeb.h
configure:14080: result: yes
configure:14092: checking signal.h usability
configure:14092: gcc -c -g -O2  conftest.c >&5
configure:14092: $? = 0
configure:14092: result: yes
configure:14092: checking signal.h presence
configure:14092: gcc -E  conftest.c
configure:14092: $? = 0
configure:14092: result: yes
configure:14092: checking for signal.h
configure:14092: result: yes
configure:14104: checking for arpa/nameser.h
configure:14104: gcc -c -g -O2  conftest.c >&5
configure:14104: $? = 0
configure:14104: result: yes
configure:14120: checking for resolv.h
configure:14120: gcc -c -g -O2  conftest.c >&5
configure:14120: $? = 0
configure:14120: result: yes
configure:14142: checking dl.h usability
configure:14142: gcc -c -g -O2  conftest.c >&5
#line 14353 "configure"
#include "confdefs.h"

#include <stdarg.h>
void a(va_list * ap) {}
int main(void) {

va_list ap1, ap2; a(&ap1); ap2 = (va_list) ap1
; return 0; }
configure:14373: result: yes
configure:14381: checking for library containing gethostent
configure:14412: gcc -o conftest -g -O2   conftest.c  >&5
configure:14412: $? = 0
configure:14429: result: none required
configure:14437: checking for library containing setsockopt
configure:14468: gcc -o conftest -g -O2   conftest.c  >&5
configure:14468: $? = 0
configure:14485: result: none required
configure:14493: checking for library containing connect
configure:14524: gcc -o conftest -g -O2   conftest.c  >&5
configure:14524: $? = 0
configure:14541: result: none required
configure:14550: checking for type of socket length (socklen_t)
configure:14564: gcc -c -g -O2  conftest.c >&5
configure:14567: result: socklen_t *
configure:14636: checking for const gethostbyname() argument
configure:14649: gcc -o conftest -g -O2   conftest.c  >&5
configure:14649: $? = 0
configure:14656: result: yes
configure:14668: checking for const send() second argument
configure:14682: gcc -o conftest -g -O2   conftest.c  >&5
configure:14682: $? = 0
configure:14689: result: yes
configure:14702: checking whether to enable IPv6
configure:14734: gcc -c -g -O2  conftest.c >&5
configure:14734: $? = 0
configure:14741: result: yes
configure:14750: checking struct sockaddr::ss_family
configure:14769: gcc -c -g -O2  conftest.c >&5
configure:14769: $? = 0
configure:14776: result: yes
configure:14821: checking for getaddrinfo
configure:14821: gcc -o conftest -g -O2   conftest.c  >&5
configure:14821: $? = 0
configure:14821: result: yes
configure:14882: checking for isnan
configure:14882: gcc -o conftest -g -O2   conftest.c  >&5
g -O2   conftest.c  >&5
ng.h>
| #endif
| #ifdef HAVE_STRINGS_H
| # include <strings.h>
| #endif
| #ifdef HAVE_INTTYPES_H
| # include <inttypes.h>
| #endif
| #ifdef HAVE_STDINT_H
| # include <stdint.h>
| #endif
| #ifdef HAVE_UNISTD_H
| # include <unistd.h>
| #endif
| #include <dl.h>
configure:14142: result: no
configure:14142: checking dl.h presence
configure:14142: gcc -E  conftest.c
conftest.c:99:6: warning: conflicting types for built-in function 'isnan' [-Wbuiltin-declaration-mismatch]
 char isnan ();
      ^~~~~
configure:14882: $? = 0
configure:14882: result: yes
configure:14933: checking for isinf
configure:14933: gcc -o conftest -g -O2   conftest.c  >&5
conftest.c:112:6: warning: conflicting types for built-in function 'sscanf' [-Wbuiltin-declaration-mismatch]
 char sscanf ();
      ^~~~~~
configure:16415: $? = 0
configure:16415: result: yes
configure:16585: checking that generated files are newer than configure
configure:16591: result: done
configure:16638: creating ./config.status
E_STDLIB_H 1
| #define HAVE_STRING_H 1
| #define HAVE_MEMORY_H 1
| #define HAVE_STRINGS_H 1
| #define HAVE_INTTYPES_H 1
| #define HAVE_STDINT_H 1
| #define HAVE_UNISTD_H 1
| #define HAVE_DLFCN_H 1
| #define LT_OBJDIR ".libs/"
| #define HAVE_DIRENT_H 1
| #define STDC_HEADERS 1
| #define HAVE_FCNTL_H 1
| #define HAVE_UNISTD_H 1
| #define HAVE_CTYPE_H 1
| #define HAVE_DIRENT_H 1
| #define HAVE_ERRNO_H 1
| #define HAVE_MALLOC_H 1
| #define HAVE_STDARG_H 1
| #define HAVE_SYS_STAT_H 1
| #define HAVE_SYS_TYPES_H 1
| #define HAVE_STDINT_H 1
| #define HAVE_INTTYPES_H 1
| #define HAVE_TIME_H 1
| #define HAVE_MATH_H 1
| #define HAVE_LIMITS_H 1
| #define HAVE_FLOAT_H 1
| #define HAVE_STDLIB_H 1
| #define HAVE_SYS_SOCKET_H 1
| #define HAVE_NETINET_IN_H 1
| #define HAVE_ARPA_INET_H 1
| #define HAVE_NETDB_H 1
| #define HAVE_SYS_TIME_H 1
| #define HAVE_SYS_SELECT_H 1
| #define HAVE_POLL_H 1
| #define HAVE_SYS_MMAN_H 1
| #define HAVE_SYS_TIMEB_H 1
| #define HAVE_SIGNAL_H 1
| #define HAVE_ARPA_NAMESER_H 1
| #define HAVE_RESOLV_H 1
| #define HAVE_DLFCN_H 1
| #define HAVE_STRFTIME 1
| #define HAVE_STRFTIME 1
| #define HAVE_LOCALTIME 1
| #define HAVE_GETTIMEOFDAY 1
| #define HAVE_FTIME 1
| #define HAVE_STAT 1
| #define HAVE_SIGNAL 1
| #define HAVE_RAND 1
| #define HAVE_RAND_R 1
| #define HAVE_SRAND 1
| #define HAVE_TIME 1
| #define HAVE_ISASCII 1
| #define HAVE_MMAP 1
| #define HAVE_MUNMAP 1
| #define HAVE_PUTENV 1
| #define HAVE_VA_COPY 1
| #define VA_LIST_IS_ARRAY 1
| #define XML_SOCKLEN_T socklen_t
| #define GETHOSTBYNAME_ARG_CAST /**/
| #define SEND_ARG2_CAST /**/
| #define SUPPORT_IP6 /**/
| #define HAVE_GETADDRINFO /**/
| #define HAVE_ISNAN /**/
| #define HAVE_ISINF /**/
| /* end confdefs.h.  */
| /* Define dlopen to an innocuous variant, in case <limits.h> declares dlopen.
|    For example, HP-UX 11i <limits.h> declares gettimeofday.  */
| #define dlopen innocuous_dlopen
| 
| /* System header to define __stub macros and hopefully few prototypes,
|     which can conflict with char dlopen (); below.
|     Prefer <limits.h> to <assert.h> if __STDC__ is defined, since
|     <limits.h> exists even on freestanding compilers.  */
| 
| #ifdef __STDC__
| # include <limits.h>
| #else
| # include <assert.h>
| #endif
| 
| #undef dlopen
| 
| /* Override any GCC internal prototype to avoid an error.
|    Use char because int might match the return type of a GCC
|    builtin and then its argument prototype would still apply.  */
| #ifdef __cplusplus
| extern "C"
| #endif
| char dlopen ();
| /* The GNU C library defines this for functions which it implements
|     to always fail with ENOSYS.  Some functions are actually named
|     something starting with __ and the normal name is an alias.  */
| #if defined __stub_dlopen || defined __stub___dlopen
| choke me
| #endif
| 
| int
| main ()
| {
| return dlopen ();
|   ;
|   return 0;
| }
configure:15297: result: no
configure:15302: checking for dlopen in -ldl
configure:15327: gcc -o conftest -g -O2   conftest.c -ldl   >&5
configure:15327: $? = 0
configure:15336: result: yes
configure:15455: checking pthread.h usability
configure:15455: gcc -c -g -O2  conftest.c >&5
configure:15455: $? = 0
configure:15455: result: yes
configure:15455: checking pthread.h presence
configure:15455: gcc -E  conftest.c
configure:15455: $? = 0
configure:15455: result: yes
configure:15455: checking for pthread.h
configure:15455: result: yes
configure:15457: checking for pthread_join in -lpthread
configure:15482: gcc -o conftest -g -O2   conftest.c -lpthread   >&5
configure:15482: $? = 0
configure:15491: result: yes
configure:16001: checking iconv.h usability
configure:16001: gcc -c -g -O2  conftest.c >&5
configure:16001: $? = 0
configure:16001: result: yes
configure:16001: checking iconv.h presence
configure:16001: gcc -E  conftest.c
configure:16001: $? = 0
configure:16001: result: yes
configure:16001: checking for iconv.h
configure:16001: result: yes
configure:16003: checking for iconv
configure:16019: gcc -o conftest -g -O2   conftest.c  >&5
configure:16019: $? = 0
configure:16021: result: yes
configure:16075: checking for iconv declaration
configure:16103: gcc -c -g -O2  conftest.c >&5
configure:16103: $? = 0
configure:16114: result: 
	extern size_t iconv (iconv_t cd,  char * *inbuf, size_t *inbytesleft, char * *outbuf, size_t *outbytesleft);
configure:16415: checking for printf
configure:16415: gcc -o conftest -g -O2   conftest.c  >&5
config.status:1307: creating include/Makefile
config.status:1307: creating include/libxml/Makefile
config.status:1307: creating doc/Makefile
config.status:1307: creating doc/examples/Makefile
config.status:1307: creating doc/devhelp/Makefile
config.status:1307: creating example/Makefile
config.status:1293: error: cannot find input file: `python/Makefile.in'
libxml2.spec
config.status:1307: creating Makefile
/* confdefs.h */
#define PACKAGE_NAME ""
#define PACKAGE_TARNAME ""
#define PACKAGE_VERSION ""
#define PACKAGE_STRING ""
#define PACKAGE_BUGREPORT ""
#define PACKAGE_URL ""
#define PACKAGE "libxml2"
#define VERSION "2.9.9"
#define STDC_HEADERS 1
#define HAVE_SYS_TYPES_H 1
#define HAVE_SYS_STAT_H 1
#define HAVE_STDLIB_H 1
#define HAVE_STRING_H 1
#define HAVE_MEMORY_H 1
#define HAVE_STRINGS_H 1
#define HAVE_INTTYPES_H 1
#define HAVE_STDINT_H 1
#define HAVE_UNISTD_H 1
#define HAVE_DLFCN_H 1
#define LT_OBJDIR ".libs/"
#define HAVE_DIRENT_H 1
#define STDC_HEADERS 1
#define HAVE_FCNTL_H 1
#define HAVE_UNISTD_H 1
#define HAVE_CTYPE_H 1
#define HAVE_DIRENT_H 1
#define HAVE_ERRNO_H 1
#define HAVE_MALLOC_H 1
#define HAVE_STDARG_H 1
#define HAVE_SYS_STAT_H 1
#define HAVE_SYS_TYPES_H 1
#define HAVE_STDINT_H 1
#define HAVE_INTTYPES_H 1
#define HAVE_TIME_H 1
#define HAVE_MATH_H 1
#define HAVE_LIMITS_H 1
#define HAVE_FLOAT_H 1
#define HAVE_STDLIB_H 1
#define HAVE_SYS_SOCKET_H 1
#define HAVE_NETINET_IN_H 1
#define HAVE_ARPA_INET_H 1
#define HAVE_NETDB_H 1
#define HAVE_SYS_TIME_H 1
#define HAVE_SYS_SELECT_H 1
#define HAVE_POLL_H 1
#define HAVE_SYS_MMAN_H 1
#define HAVE_SYS_TIMEB_H 1
#define HAVE_SIGNAL_H 1
#define HAVE_ARPA_NAMESER_H 1
#define HAVE_RESOLV_H 1
#define HAVE_DLFCN_H 1
#define HAVE_STRFTIME 1
#define HAVE_STRFTIME 1
#define HAVE_LOCALTIME 1
#define HAVE_GETTIMEOFDAY 1
#define HAVE_FTIME 1
#define HAVE_STAT 1
#define HAVE_SIGNAL 1
#define HAVE_RAND 1
#define HAVE_RAND_R 1
#define HAVE_SRAND 1
#define HAVE_TIME 1
#define HAVE_ISASCII 1
#define HAVE_MMAP 1
#define HAVE_MUNMAP 1
#define HAVE_PUTENV 1
#define HAVE_VA_COPY 1
#define VA_LIST_IS_ARRAY 1
#define XML_SOCKLEN_T socklen_t
#define GETHOSTBYNAME_ARG_CAST /**/
#define SEND_ARG2_CAST /**/
#define SUPPORT_IP6 /**/
#define HAVE_GETADDRINFO /**/
#define HAVE_ISNAN /**/
#define HAVE_ISINF /**/
#define HAVE_DLOPEN /**/
#define HAVE_LIBPTHREAD /**/
#define HAVE_PTHREAD_H /**/
#define ICONV_CONST 
#define HAVE_PRINTF 1
#define HAVE_SPRINTF 1
#define HAVE_FPRINTF 1
#define HAVE_SNPRINTF 1
#define HAVE_VFPRINTF 1
#define HAVE_VSPRINTF 1
#define HAVE_VSNPRINTF 1
#define HAVE_SSCANF 1

configure: exit 1
:9:9'
LIBXML_VERSION_NUMBER='20909'
LIPO=''
LN_S='cp -pR'
LTLIBOBJS=''
LT_SYS_LIBRARY_PATH=''
LZMA_CFLAGS=''
LZMA_LIBS='-llzma'
MAINT=''
MAINTAINER_MODE_FALSE='#'
MAINTAINER_MODE_TRUE=''
MAKEINFO='${SHELL} /home/jamiespa/H_DRIVE/RESEARCH/SUPERVISION_AND_PROJECTS/PROGRAMS_PROJECTS_DEVELOPMENT/GA_LAPAGOS_/GA_lapagos/GA_lapagos/LIBS/libxml2-2.9.9/missing makeinfo'
MANIFEST_TOOL=':'
MKDIR_P='/bin/mkdir -p'
MODULE_EXTENSION='.so'
MODULE_PLATFORM_LIBS='-ldl'
MV='/bin/mv'
M_LIBS='-lm'
NM='/usr/bin/nm -B'
NMEDIT=''
OBJDUMP='objdump'
OBJEXT='o'
OTOOL64=''
OTOOL=''
PACKAGE='libxml2'
PACKAGE_BUGREPORT=''
PACKAGE_NAME=''
PACKAGE_STRING=''
PACKAGE_TARNAME=''
PACKAGE_URL=''
PACKAGE_VERSION=''
PATH_SEPARATOR=':'
PERL='/usr/bin/perl'
PKG_CONFIG='/usr/bin/pkg-config'
PKG_CONFIG_LIBDIR=''
PKG_CONFIG_PATH=''
PYTHON='/usr/bin/python'
PYTHON_INCLUDES='/usr/include/python2.7'
PYTHON_LIBS='-L/usr/lib/python2.7/config-x86_64-linux-gnu -L/usr/lib -lpython2.7 -lpthread -ldl  -lutil -lm  -Xlinker -export-dynamic -Wl,-O1 -Wl,-Bsymbolic-functions'
PYTHON_SITE_PACKAGES='/usr/lib/python2.7/dist-packages'
PYTHON_SUBDIR='python'
PYTHON_TESTS=' RelaxNGPythonTests SchemasPythonTests'
PYTHON_VERSION='2.7'
RANLIB='ranlib'
RDL_LIBS=''
READER_TEST='Readertests'
REBUILD_DOCS_FALSE=''
REBUILD_DOCS_TRUE='#'
RELDATE='Mon Feb 17 2020'
SED='/bin/sed'
SET_MAKE=''
SHELL='/bin/bash'
STATIC_BINARIES=''
STRIP='strip'
TAR='/bin/tar'
TEST_C14N='C14Ntests'
TEST_CATALOG='Catatests'
TEST_DEBUG='Scripttests'
TEST_HTML='HTMLtests'
TEST_MODULES='ModuleTests'
TEST_PATTERN='Patterntests'
TEST_PHTML='HTMLPushtests'
TEST_PUSH='XMLPushtests'
TEST_REGEXPS='Regexptests Automatatests'
TEST_SAX='SAXtests'
TEST_SCHEMAS='Schemastests Relaxtests'
TEST_SCHEMATRON='Schematrontests'
TEST_THREADS='Threadtests'
TEST_VALID='Validtests'
TEST_VTIME='VTimingtests'
TEST_XINCLUDE='XIncludetests'
TEST_XPATH='XPathtests'
TEST_XPTR='XPtrtests'
THREADS_W32_FALSE=''
THREADS_W32_TRUE='#'
THREAD_CFLAGS=' -D_REENTRANT'
THREAD_LIBS=''
USE_VERSION_SCRIPT_FALSE='#'
USE_VERSION_SCRIPT_TRUE=''
VERSION='2.9.9'
VERSION_SCRIPT_FLAGS='-Wl,--version-script='
WGET='/usr/bin/wget'
WIN32_EXTRA_LDFLAGS=''
WIN32_EXTRA_LIBADD=''
WIN32_EXTRA_PYTHON_LIBADD=''
WITH_C14N='1'
WITH_CATALOG='1'
WITH_DEBUG='1'
WITH_DOCB='1'
WITH_FTP='1'
WITH_HTML='1'
WITH_HTTP='1'
WITH_ICONV='1'
WITH_ICU='0'
WITH_ISO8859X='1'
WITH_LEGACY='1'
WITH_LZMA='1'
WITH_MEM_DEBUG='0'
WITH_MODULES='1'
WITH_OUTPUT='1'
WITH_PATTERN='1'
WITH_PUSH='1'
WITH_PYTHON_FALSE='#'
WITH_PYTHON_TRUE=''
WITH_READER='1'
WITH_REGEXPS='1'
WITH_RUN_DEBUG='0'
WITH_SAX1='1'
WITH_SAX1_SOURCES_FALSE=''
WITH_SAX1_SOURCES_TRUE='#'
WITH_SCHEMAS='1'
WITH_SCHEMATRON='1'
WITH_THREADS='1'
WITH_THREAD_ALLOC='0'
WITH_TREE='1'
WITH_TRIO='0'
WITH_TRIO_SOURCES_FALSE=''
WITH_TRIO_SOURCES_TRUE='#'
WITH_VALID='1'
WITH_WRITER='1'
WITH_XINCLUDE='1'
WITH_XPATH='1'
WITH_XPTR='1'
WITH_ZLIB='1'
XINCLUDE_OBJ='xinclude.o'
XMLLINT='/usr/bin/xmllint'
XML_CFLAGS=''
XML_INCLUDEDIR='-I${includedir}/libxml2'
XML_LIBDIR='-L${libdir}'
XML_LIBS='-lxml2 -lz -llzma    -lm '
XML_LIBTOOLLIBS='libxml2.la'
XPATH_OBJ='xpath.o'
XPTR_OBJ='xpointer.o'
XSLTPROC='/usr/bin/xsltproc'
Z_CFLAGS=''
Z_LIBS='-lz'
ac_ct_AR='ar'
ac_ct_CC='gcc'
ac_ct_DUMPBIN=''
am__EXEEXT_FALSE=''
am__EXEEXT_TRUE='#'
am__fastdepCC_FALSE='#'
am__fastdepCC_TRUE=''
am__include='include'
am__isrc=''
am__leading_dot='.'
am__nodep='_no'
am__quote=''
am__tar='$${TAR-tar} chof - "$$tardir"'
am__untar='$${TAR-tar} xf -'
bindir='${exec_prefix}/bin'
build='x86_64-pc-linux-gnu'
build_alias=''
build_cpu='x86_64'
build_os='linux-gnu'
build_vendor='pc'
datadir='${datarootdir}'
datarootdir='${prefix}/share'
docdir='${datarootdir}/doc/${PACKAGE}'
dvidir='${docdir}'
exec_prefix='${prefix}'
host='x86_64-pc-linux-gnu'
host_alias=''
host_cpu='x86_64'
host_os='linux-gnu'
host_vendor='pc'
htmldir='${docdir}'
includedir='${prefix}/include'
infodir='${datarootdir}/info'
install_sh='${SHELL} /home/jamiespa/H_DRIVE/RESEARCH/SUPERVISION_AND_PROJECTS/PROGRAMS_PROJECTS_DEVELOPMENT/GA_LAPAGOS_/GA_lapagos/GA_lapagos/LIBS/libxml2-2.9.9/install-sh'
libdir='${exec_prefix}/lib'
libexecdir='${exec_prefix}/libexec'
localedir='${datarootdir}/locale'
localstatedir='${prefix}/var'
mandir='${datarootdir}/man'
mkdir_p='$(MKDIR_P)'
oldincludedir='/usr/include'
pdfdir='${docdir}'
prefix='/home/jamiespa/H_DRIVE/RESEARCH/SUPERVISION_AND_PROJECTS/PROGRAMS_PROJECTS_DEVELOPMENT/GA_LAPAGOS_/GA_lapagos/GA_lapagos/LIBS/libxml2-2.9.9/LOCAL'
program_transform_name='s,x,x,'
psdir='${docdir}'
pythondir='$(PYTHON_SITE_PACKAGES)'
runstatedir='${localstatedir}/run'
sbindir='${exec_prefix}/sbin'
sharedstatedir='${prefix}/com'
sysconfdir='${prefix}/etc'
target_alias=''

## ----------- ##
## confdefs.h. ##
## ----------- ##

